{"level":"info","time":"20200404_002058","caller":"logger/logger.go:43","msg":"logger init success"}
{"level":"info","time":"20200404_002058","caller":"cmd/orderServer.go:15","msg":"start server"}
{"level":"info","time":"20200405_031159","caller":"logger/logger.go:43","msg":"logger init success"}
{"level":"info","time":"20200405_031159","caller":"cmd/orderServer.go:15","msg":"start server"}
{"level":"info","time":"20200405_150822","caller":"logger/logger.go:43","msg":"logger init success"}
{"level":"info","time":"20200405_150822","caller":"cmd/orderServer.go:15","msg":"start server"}
{"level":"info","time":"20200405_151055","caller":"logger/logger.go:43","msg":"logger init success"}
{"level":"info","time":"20200405_151055","caller":"cmd/orderServer.go:15","msg":"start server"}
{"level":"error","time":"20200405_151055","caller":"quant/binanceRequest.go:45","msg":"Binance Service Get Depth json Unmarshal Failed","error":"json: cannot unmarshal array into Go struct field DepthMessage.bids of type quant.Bid","trace":"tinyquant/src/quant.(*Binance).GetDepthMessage\n\tC:/Users/yaojun/Desktop/tinyquant/src/quant/binanceRequest.go:45\nmain.main\n\tC:/Users/yaojun/Desktop/tinyquant/src/cmd/orderServer.go:23\nruntime.main\n\tC:/Go/src/runtime/proc.go:200"}
{"level":"info","time":"20200405_151154","caller":"logger/logger.go:43","msg":"logger init success"}
{"level":"info","time":"20200405_151154","caller":"cmd/orderServer.go:15","msg":"start server"}
{"level":"error","time":"20200405_151154","caller":"quant/binanceRequest.go:45","msg":"Binance Service Get Depth json Unmarshal Failed","error":"json: cannot unmarshal array into Go struct field DepthMessage.bids of type quant.Bid","trace":"tinyquant/src/quant.(*Binance).GetDepthMessage\n\tC:/Users/yaojun/Desktop/tinyquant/src/quant/binanceRequest.go:45\nmain.main\n\tC:/Users/yaojun/Desktop/tinyquant/src/cmd/orderServer.go:23\nruntime.main\n\tC:/Go/src/runtime/proc.go:200"}
{"level":"info","time":"20200405_151229","caller":"logger/logger.go:43","msg":"logger init success"}
{"level":"info","time":"20200405_151229","caller":"cmd/orderServer.go:15","msg":"start server"}
{"level":"error","time":"20200405_151229","caller":"quant/binanceRequest.go:45","msg":"Binance Service Get Depth json Unmarshal Failed","error":"json: cannot unmarshal array into Go struct field DepthMessage.bids of type quant.Bid","trace":"tinyquant/src/quant.(*Binance).GetDepthMessage\n\tC:/Users/yaojun/Desktop/tinyquant/src/quant/binanceRequest.go:45\nmain.main\n\tC:/Users/yaojun/Desktop/tinyquant/src/cmd/orderServer.go:23\nruntime.main\n\tC:/Go/src/runtime/proc.go:200"}
{"level":"info","time":"20200405_151345","caller":"logger/logger.go:43","msg":"logger init success"}
{"level":"info","time":"20200405_151345","caller":"cmd/orderServer.go:15","msg":"start server"}
{"level":"info","time":"20200409_215542","caller":"logger/logger.go:43","msg":"logger init success"}
{"level":"info","time":"20200409_215542","caller":"cmd/orderServer.go:15","msg":"start server"}
{"level":"info","time":"20200528_021943","caller":"logger/logger.go:43","msg":"logger init success"}
{"level":"info","time":"20200528_021943","caller":"cmd/orderServer.go:15","msg":"start server"}
{"level":"info","time":"20200528_022130","caller":"logger/logger.go:43","msg":"logger init success"}
{"level":"info","time":"20200528_022130","caller":"cmd/orderServer.go:15","msg":"start server"}
{"level":"info","time":"20200528_154026","caller":"logger/logger.go:43","msg":"logger init success"}
{"level":"info","time":"20200528_154026","caller":"cmd/orderServer.go:15","msg":"start server"}
{"level":"info","time":"20200528_154057","caller":"logger/logger.go:43","msg":"logger init success"}
{"level":"info","time":"20200528_154057","caller":"cmd/orderServer.go:15","msg":"start server"}
{"level":"info","time":"20200528_154121","caller":"logger/logger.go:43","msg":"logger init success"}
{"level":"info","time":"20200528_154121","caller":"cmd/orderServer.go:15","msg":"start server"}
{"level":"info","time":"20200528_154257","caller":"logger/logger.go:43","msg":"logger init success"}
{"level":"info","time":"20200528_154257","caller":"cmd/orderServer.go:15","msg":"start server"}
{"level":"error","time":"20200528_154259","caller":"binance/binanceRequest.go:44","msg":"Binance Service Get Depth json Unmarshal Failed","error":"invalid character '<' looking for beginning of value","trace":"tinyquant/src/quant/binance.(*Binance).GetDepthMessage\n\tC:/Users/yaojun/Desktop/tinyquant/src/quant/binance/binanceRequest.go:44\nmain.main\n\tC:/Users/yaojun/Desktop/tinyquant/src/cmd/orderServer.go:23\nruntime.main\n\tC:/Go/src/runtime/proc.go:200"}
{"level":"info","time":"20200528_154408","caller":"logger/logger.go:43","msg":"logger init success"}
{"level":"info","time":"20200528_154408","caller":"cmd/orderServer.go:15","msg":"start server"}
{"level":"info","time":"20200528_221127","caller":"logger/logger.go:43","msg":"logger init success"}
{"level":"info","time":"20200528_221127","caller":"cmd/orderServer.go:15","msg":"start server"}
{"level":"info","time":"20200528_221921","caller":"logger/logger.go:43","msg":"logger init success"}
{"level":"info","time":"20200528_221921","caller":"cmd/orderServer.go:15","msg":"start server"}
{"level":"info","time":"20200528_221958","caller":"logger/logger.go:43","msg":"logger init success"}
{"level":"info","time":"20200528_221958","caller":"cmd/orderServer.go:15","msg":"start server"}
{"level":"info","time":"20200528_222113","caller":"logger/logger.go:43","msg":"logger init success"}
{"level":"info","time":"20200528_222113","caller":"cmd/orderServer.go:14","msg":"start server"}
{"level":"info","time":"20200531_201601","caller":"logger/logger.go:43","msg":"logger init success"}
{"level":"info","time":"20200531_201601","caller":"cmd/orderServer.go:14","msg":"start server"}
{"level":"info","time":"20200603_160723","caller":"logger/logger.go:43","msg":"logger init success"}
{"level":"info","time":"20200603_160723","caller":"cmd/orderServer.go:14","msg":"start server"}
{"level":"info","time":"20200603_160943","caller":"logger/logger.go:43","msg":"logger init success"}
{"level":"info","time":"20200603_160943","caller":"cmd/orderServer.go:14","msg":"start server"}
{"level":"info","time":"20200603_161752","caller":"logger/logger.go:43","msg":"logger init success"}
{"level":"info","time":"20200603_161752","caller":"cmd/orderServer.go:14","msg":"start server"}
{"level":"info","time":"20200603_161811","caller":"logger/logger.go:43","msg":"logger init success"}
{"level":"info","time":"20200603_161811","caller":"cmd/orderServer.go:14","msg":"start server"}
{"level":"info","time":"20200603_161934","caller":"logger/logger.go:43","msg":"logger init success"}
{"level":"info","time":"20200603_161934","caller":"cmd/orderServer.go:14","msg":"start server"}
{"level":"info","time":"20200603_161958","caller":"logger/logger.go:43","msg":"logger init success"}
{"level":"info","time":"20200603_161958","caller":"cmd/orderServer.go:13","msg":"start server"}
{"level":"error","time":"20200603_161958","caller":"util/websocket.go:182","msg":"[w][%s]parse proxy url [%s] err %s  ","url :":"wss://stream.binance.com:9443/LTCBTC@depth5@100ms","proxy url :":"127.0.0.1:7890","error":"parse 127.0.0.1:7890: first path segment in URL cannot contain colon","trace":"tinyquant/src/util.(*WsConn).connect\n\tC:/Users/yaojun/Desktop/tinyquant/src/util/websocket.go:182\ntinyquant/src/util.(*WsConn).NewWebsocket\n\tC:/Users/yaojun/Desktop/tinyquant/src/util/websocket.go:71\ntinyquant/src/quant/binance.(*BinanceWs).SubscribeDepth\n\tC:/Users/yaojun/Desktop/tinyquant/src/quant/binance/binanceWs.go:138\nmain.main\n\tC:/Users/yaojun/Desktop/tinyquant/src/cmd/orderServer.go:22\nruntime.main\n\tC:/Go/src/runtime/proc.go:200"}
{"level":"error","time":"20200603_162020","caller":"util/websocket.go:188","msg":"[w][%s] %s","url :":"wss://stream.binance.com:9443/LTCBTC@depth5@100ms","error":"read tcp 192.168.1.104:55853->69.171.237.16:9443: wsarecv: A connection attempt failed because the connected party did not properly respond after a period of time, or established connection failed because connected host has failed to respond.","trace":"tinyquant/src/util.(*WsConn).connect\n\tC:/Users/yaojun/Desktop/tinyquant/src/util/websocket.go:188\ntinyquant/src/util.(*WsConn).NewWebsocket\n\tC:/Users/yaojun/Desktop/tinyquant/src/util/websocket.go:71\ntinyquant/src/quant/binance.(*BinanceWs).SubscribeDepth\n\tC:/Users/yaojun/Desktop/tinyquant/src/quant/binance/binanceWs.go:138\nmain.main\n\tC:/Users/yaojun/Desktop/tinyquant/src/cmd/orderServer.go:22\nruntime.main\n\tC:/Go/src/runtime/proc.go:200"}
{"level":"panic","time":"20200603_162020","caller":"util/websocket.go:72","msg":"[%s] %s","url :":"wss://stream.binance.com:9443/LTCBTC@depth5@100ms","error":"read tcp 192.168.1.104:55853->69.171.237.16:9443: wsarecv: A connection attempt failed because the connected party did not properly respond after a period of time, or established connection failed because connected host has failed to respond.","trace":"tinyquant/src/util.(*WsConn).NewWebsocket\n\tC:/Users/yaojun/Desktop/tinyquant/src/util/websocket.go:72\ntinyquant/src/quant/binance.(*BinanceWs).SubscribeDepth\n\tC:/Users/yaojun/Desktop/tinyquant/src/quant/binance/binanceWs.go:138\nmain.main\n\tC:/Users/yaojun/Desktop/tinyquant/src/cmd/orderServer.go:22\nruntime.main\n\tC:/Go/src/runtime/proc.go:200"}
{"level":"info","time":"20200603_162100","caller":"logger/logger.go:43","msg":"logger init success"}
{"level":"info","time":"20200603_162100","caller":"cmd/orderServer.go:13","msg":"start server"}
{"level":"info","time":"20200603_162100","caller":"util/websocket.go:179","msg":"[w][%s] proxy url failed ","url :":"wss://stream.binance.com:9443/LTCBTC@depth5@100ms"}
{"level":"error","time":"20200603_162100","caller":"util/websocket.go:188","msg":"[w][%s] %s","url :":"wss://stream.binance.com:9443/LTCBTC@depth5@100ms","error":"websocket: bad handshake","trace":"tinyquant/src/util.(*WsConn).connect\n\tC:/Users/yaojun/Desktop/tinyquant/src/util/websocket.go:188\ntinyquant/src/util.(*WsConn).NewWebsocket\n\tC:/Users/yaojun/Desktop/tinyquant/src/util/websocket.go:71\ntinyquant/src/quant/binance.(*BinanceWs).SubscribeDepth\n\tC:/Users/yaojun/Desktop/tinyquant/src/quant/binance/binanceWs.go:138\nmain.main\n\tC:/Users/yaojun/Desktop/tinyquant/src/cmd/orderServer.go:22\nruntime.main\n\tC:/Go/src/runtime/proc.go:200"}
{"level":"debug","time":"20200603_162100","caller":"util/websocket.go:191","msg":"[w][%s] %s","url :":"wss://stream.binance.com:9443/LTCBTC@depth5@100ms","dumpData :":"HTTP/1.1 400 Bad Request\r\nContent-Length: 20\r\nConnection: keep-alive\r\nContent-Type: text/plain\r\nDate: Wed, 03 Jun 2020 08:21:00 GMT\r\n\r\nInvalid request path"}
{"level":"panic","time":"20200603_162100","caller":"util/websocket.go:72","msg":"[%s] %s","url :":"wss://stream.binance.com:9443/LTCBTC@depth5@100ms","error":"websocket: bad handshake","trace":"tinyquant/src/util.(*WsConn).NewWebsocket\n\tC:/Users/yaojun/Desktop/tinyquant/src/util/websocket.go:72\ntinyquant/src/quant/binance.(*BinanceWs).SubscribeDepth\n\tC:/Users/yaojun/Desktop/tinyquant/src/quant/binance/binanceWs.go:138\nmain.main\n\tC:/Users/yaojun/Desktop/tinyquant/src/cmd/orderServer.go:22\nruntime.main\n\tC:/Go/src/runtime/proc.go:200"}
{"level":"info","time":"20200603_162207","caller":"logger/logger.go:43","msg":"logger init success"}
{"level":"info","time":"20200603_162207","caller":"cmd/orderServer.go:13","msg":"start server"}
{"level":"info","time":"20200603_162207","caller":"util/websocket.go:179","msg":"[w][%s] proxy url failed ","url :":"http://127.0.0.1:7890"}
{"level":"error","time":"20200603_162207","caller":"util/websocket.go:188","msg":"[w][%s] %s","url :":"wss://stream.binance.com:9443/LTCBTC@depth5@100ms","error":"websocket: bad handshake","trace":"tinyquant/src/util.(*WsConn).connect\n\tC:/Users/yaojun/Desktop/tinyquant/src/util/websocket.go:188\ntinyquant/src/util.(*WsConn).NewWebsocket\n\tC:/Users/yaojun/Desktop/tinyquant/src/util/websocket.go:71\ntinyquant/src/quant/binance.(*BinanceWs).SubscribeDepth\n\tC:/Users/yaojun/Desktop/tinyquant/src/quant/binance/binanceWs.go:138\nmain.main\n\tC:/Users/yaojun/Desktop/tinyquant/src/cmd/orderServer.go:22\nruntime.main\n\tC:/Go/src/runtime/proc.go:200"}
{"level":"debug","time":"20200603_162207","caller":"util/websocket.go:191","msg":"[w][%s] %s","url :":"wss://stream.binance.com:9443/LTCBTC@depth5@100ms","dumpData :":"HTTP/1.1 400 Bad Request\r\nContent-Length: 20\r\nConnection: keep-alive\r\nContent-Type: text/plain\r\nDate: Wed, 03 Jun 2020 08:22:07 GMT\r\n\r\nInvalid request path"}
{"level":"panic","time":"20200603_162207","caller":"util/websocket.go:72","msg":"[%s] %s","url :":"wss://stream.binance.com:9443/LTCBTC@depth5@100ms","error":"websocket: bad handshake","trace":"tinyquant/src/util.(*WsConn).NewWebsocket\n\tC:/Users/yaojun/Desktop/tinyquant/src/util/websocket.go:72\ntinyquant/src/quant/binance.(*BinanceWs).SubscribeDepth\n\tC:/Users/yaojun/Desktop/tinyquant/src/quant/binance/binanceWs.go:138\nmain.main\n\tC:/Users/yaojun/Desktop/tinyquant/src/cmd/orderServer.go:22\nruntime.main\n\tC:/Go/src/runtime/proc.go:200"}
{"level":"info","time":"20200603_162343","caller":"logger/logger.go:43","msg":"logger init success"}
{"level":"info","time":"20200603_162343","caller":"cmd/orderServer.go:13","msg":"start server"}
{"level":"info","time":"20200603_162343","caller":"util/websocket.go:179","msg":"[ws] proxy url failed ","url :":"http://127.0.0.1:7890"}
{"level":"error","time":"20200603_162343","caller":"util/websocket.go:188","msg":"[w][%s] %s","url :":"wss://stream.binance.com:9443/LTCBTC@depth5@100ms","error":"websocket: bad handshake","trace":"tinyquant/src/util.(*WsConn).connect\n\tC:/Users/yaojun/Desktop/tinyquant/src/util/websocket.go:188\ntinyquant/src/util.(*WsConn).NewWebsocket\n\tC:/Users/yaojun/Desktop/tinyquant/src/util/websocket.go:71\ntinyquant/src/quant/binance.(*BinanceWs).SubscribeDepth\n\tC:/Users/yaojun/Desktop/tinyquant/src/quant/binance/binanceWs.go:138\nmain.main\n\tC:/Users/yaojun/Desktop/tinyquant/src/cmd/orderServer.go:22\nruntime.main\n\tC:/Go/src/runtime/proc.go:200"}
{"level":"debug","time":"20200603_162343","caller":"util/websocket.go:191","msg":"[w][%s] %s","url :":"wss://stream.binance.com:9443/LTCBTC@depth5@100ms","dumpData :":"HTTP/1.1 400 Bad Request\r\nContent-Length: 20\r\nConnection: keep-alive\r\nContent-Type: text/plain\r\nDate: Wed, 03 Jun 2020 08:23:43 GMT\r\n\r\nInvalid request path"}
{"level":"panic","time":"20200603_162343","caller":"util/websocket.go:72","msg":"[%s] %s","url :":"wss://stream.binance.com:9443/LTCBTC@depth5@100ms","error":"websocket: bad handshake","trace":"tinyquant/src/util.(*WsConn).NewWebsocket\n\tC:/Users/yaojun/Desktop/tinyquant/src/util/websocket.go:72\ntinyquant/src/quant/binance.(*BinanceWs).SubscribeDepth\n\tC:/Users/yaojun/Desktop/tinyquant/src/quant/binance/binanceWs.go:138\nmain.main\n\tC:/Users/yaojun/Desktop/tinyquant/src/cmd/orderServer.go:22\nruntime.main\n\tC:/Go/src/runtime/proc.go:200"}
{"level":"info","time":"20200603_162619","caller":"logger/logger.go:43","msg":"logger init success"}
{"level":"info","time":"20200603_162619","caller":"cmd/orderServer.go:13","msg":"start server"}
{"level":"error","time":"20200603_162619","caller":"util/websocket.go:187","msg":"[w][%s] %s","url :":"wss://stream.binance.com:9443/LTCBTC@depth5@100ms","error":"websocket: bad handshake","trace":"tinyquant/src/util.(*WsConn).connect\n\tC:/Users/yaojun/Desktop/tinyquant/src/util/websocket.go:187\ntinyquant/src/util.(*WsConn).NewWebsocket\n\tC:/Users/yaojun/Desktop/tinyquant/src/util/websocket.go:71\ntinyquant/src/quant/binance.(*BinanceWs).SubscribeDepth\n\tC:/Users/yaojun/Desktop/tinyquant/src/quant/binance/binanceWs.go:138\nmain.main\n\tC:/Users/yaojun/Desktop/tinyquant/src/cmd/orderServer.go:22\nruntime.main\n\tC:/Go/src/runtime/proc.go:200"}
{"level":"debug","time":"20200603_162619","caller":"util/websocket.go:190","msg":"[w][%s] %s","url :":"wss://stream.binance.com:9443/LTCBTC@depth5@100ms","dumpData :":"HTTP/1.1 400 Bad Request\r\nContent-Length: 20\r\nConnection: keep-alive\r\nContent-Type: text/plain\r\nDate: Wed, 03 Jun 2020 08:26:19 GMT\r\n\r\nInvalid request path"}
{"level":"panic","time":"20200603_162619","caller":"util/websocket.go:72","msg":"[%s] %s","url :":"wss://stream.binance.com:9443/LTCBTC@depth5@100ms","error":"websocket: bad handshake","trace":"tinyquant/src/util.(*WsConn).NewWebsocket\n\tC:/Users/yaojun/Desktop/tinyquant/src/util/websocket.go:72\ntinyquant/src/quant/binance.(*BinanceWs).SubscribeDepth\n\tC:/Users/yaojun/Desktop/tinyquant/src/quant/binance/binanceWs.go:138\nmain.main\n\tC:/Users/yaojun/Desktop/tinyquant/src/cmd/orderServer.go:22\nruntime.main\n\tC:/Go/src/runtime/proc.go:200"}
{"level":"info","time":"20200603_163538","caller":"logger/logger.go:43","msg":"logger init success"}
{"level":"info","time":"20200603_163538","caller":"cmd/orderServer.go:13","msg":"start server"}
{"level":"error","time":"20200603_163538","caller":"util/websocket.go:187","msg":"[ws] dialer failed","url :":"wss://stream.binance.com:9443/LTCBTC@depth5@100ms","error":"websocket: bad handshake","trace":"tinyquant/src/util.(*WsConn).connect\n\tC:/Users/yaojun/Desktop/tinyquant/src/util/websocket.go:187\ntinyquant/src/util.(*WsConn).NewWebsocket\n\tC:/Users/yaojun/Desktop/tinyquant/src/util/websocket.go:71\ntinyquant/src/quant/binance.(*BinanceWs).SubscribeDepth\n\tC:/Users/yaojun/Desktop/tinyquant/src/quant/binance/binanceWs.go:138\nmain.main\n\tC:/Users/yaojun/Desktop/tinyquant/src/cmd/orderServer.go:22\nruntime.main\n\tC:/Go/src/runtime/proc.go:200"}
{"level":"debug","time":"20200603_163538","caller":"util/websocket.go:190","msg":"[ws] :","url :":"wss://stream.binance.com:9443/LTCBTC@depth5@100ms","dumpData :":"HTTP/1.1 400 Bad Request\r\nContent-Length: 20\r\nConnection: keep-alive\r\nContent-Type: text/plain\r\nDate: Wed, 03 Jun 2020 08:35:38 GMT\r\n\r\nInvalid request path"}
{"level":"panic","time":"20200603_163538","caller":"util/websocket.go:72","msg":"connect failed","url :":"wss://stream.binance.com:9443/LTCBTC@depth5@100ms","error":"websocket: bad handshake","trace":"tinyquant/src/util.(*WsConn).NewWebsocket\n\tC:/Users/yaojun/Desktop/tinyquant/src/util/websocket.go:72\ntinyquant/src/quant/binance.(*BinanceWs).SubscribeDepth\n\tC:/Users/yaojun/Desktop/tinyquant/src/quant/binance/binanceWs.go:138\nmain.main\n\tC:/Users/yaojun/Desktop/tinyquant/src/cmd/orderServer.go:22\nruntime.main\n\tC:/Go/src/runtime/proc.go:200"}
{"level":"info","time":"20200603_170810","caller":"logger/logger.go:43","msg":"logger init success"}
{"level":"info","time":"20200603_170810","caller":"cmd/orderServer.go:13","msg":"start server"}
{"level":"error","time":"20200603_170811","caller":"util/websocket.go:187","msg":"[ws] dialer failed","url :":"wss://stream.binance.com:9443/LTCBTC@depth5@100ms","error":"websocket: bad handshake","trace":"tinyquant/src/util.(*WsConn).connect\n\tC:/Users/yaojun/Desktop/tinyquant/src/util/websocket.go:187\ntinyquant/src/util.(*WsConn).NewWebsocket\n\tC:/Users/yaojun/Desktop/tinyquant/src/util/websocket.go:71\ntinyquant/src/quant/binance.(*BinanceWs).SubscribeDepth\n\tC:/Users/yaojun/Desktop/tinyquant/src/quant/binance/binanceWs.go:138\nmain.main\n\tC:/Users/yaojun/Desktop/tinyquant/src/cmd/orderServer.go:22\nruntime.main\n\tC:/Go/src/runtime/proc.go:200"}
{"level":"debug","time":"20200603_170811","caller":"util/websocket.go:190","msg":"[ws] :","url :":"wss://stream.binance.com:9443/LTCBTC@depth5@100ms","dumpData :":"HTTP/1.1 400 Bad Request\r\nContent-Length: 20\r\nConnection: keep-alive\r\nContent-Type: text/plain\r\nDate: Wed, 03 Jun 2020 09:08:11 GMT\r\n\r\nInvalid request path"}
{"level":"panic","time":"20200603_170811","caller":"util/websocket.go:72","msg":"connect failed","url :":"wss://stream.binance.com:9443/LTCBTC@depth5@100ms","error":"websocket: bad handshake","trace":"tinyquant/src/util.(*WsConn).NewWebsocket\n\tC:/Users/yaojun/Desktop/tinyquant/src/util/websocket.go:72\ntinyquant/src/quant/binance.(*BinanceWs).SubscribeDepth\n\tC:/Users/yaojun/Desktop/tinyquant/src/quant/binance/binanceWs.go:138\nmain.main\n\tC:/Users/yaojun/Desktop/tinyquant/src/cmd/orderServer.go:22\nruntime.main\n\tC:/Go/src/runtime/proc.go:200"}
{"level":"info","time":"20200603_170939","caller":"logger/logger.go:43","msg":"logger init success"}
{"level":"info","time":"20200603_170939","caller":"cmd/orderServer.go:13","msg":"start server"}
{"level":"error","time":"20200603_170939","caller":"util/websocket.go:187","msg":"[ws] dialer failed","url :":"wss://stream.binance.com:9443/LTCBTC@depth5@100ms","error":"websocket: bad handshake","trace":"tinyquant/src/util.(*WsConn).connect\n\tC:/Users/yaojun/Desktop/tinyquant/src/util/websocket.go:187\ntinyquant/src/util.(*WsConn).NewWebsocket\n\tC:/Users/yaojun/Desktop/tinyquant/src/util/websocket.go:71\ntinyquant/src/quant/binance.(*BinanceWs).SubscribeDepth\n\tC:/Users/yaojun/Desktop/tinyquant/src/quant/binance/binanceWs.go:138\nmain.main\n\tC:/Users/yaojun/Desktop/tinyquant/src/cmd/orderServer.go:22\nruntime.main\n\tC:/Go/src/runtime/proc.go:200"}
{"level":"debug","time":"20200603_170939","caller":"util/websocket.go:190","msg":"[ws] :","url :":"wss://stream.binance.com:9443/LTCBTC@depth5@100ms","dumpData :":"HTTP/1.1 400 Bad Request\r\nContent-Length: 20\r\nConnection: keep-alive\r\nContent-Type: text/plain\r\nDate: Wed, 03 Jun 2020 09:09:39 GMT\r\n\r\nInvalid request path"}
{"level":"panic","time":"20200603_170939","caller":"util/websocket.go:72","msg":"connect failed","url :":"wss://stream.binance.com:9443/LTCBTC@depth5@100ms","error":"websocket: bad handshake","trace":"tinyquant/src/util.(*WsConn).NewWebsocket\n\tC:/Users/yaojun/Desktop/tinyquant/src/util/websocket.go:72\ntinyquant/src/quant/binance.(*BinanceWs).SubscribeDepth\n\tC:/Users/yaojun/Desktop/tinyquant/src/quant/binance/binanceWs.go:138\nmain.main\n\tC:/Users/yaojun/Desktop/tinyquant/src/cmd/orderServer.go:22\nruntime.main\n\tC:/Go/src/runtime/proc.go:200"}
{"level":"info","time":"20200603_171123","caller":"logger/logger.go:43","msg":"logger init success"}
{"level":"info","time":"20200603_171123","caller":"cmd/orderServer.go:13","msg":"start server"}
{"level":"error","time":"20200603_171124","caller":"util/websocket.go:188","msg":"[ws] dialer failed","url :":"wss://stream.binance.com:9443/LTCBTC@depth5@100ms","error":"websocket: bad handshake","trace":"tinyquant/src/util.(*WsConn).connect\n\tC:/Users/yaojun/Desktop/tinyquant/src/util/websocket.go:188\ntinyquant/src/util.(*WsConn).NewWebsocket\n\tC:/Users/yaojun/Desktop/tinyquant/src/util/websocket.go:71\ntinyquant/src/quant/binance.(*BinanceWs).SubscribeDepth\n\tC:/Users/yaojun/Desktop/tinyquant/src/quant/binance/binanceWs.go:138\nmain.main\n\tC:/Users/yaojun/Desktop/tinyquant/src/cmd/orderServer.go:22\nruntime.main\n\tC:/Go/src/runtime/proc.go:200"}
{"level":"debug","time":"20200603_171124","caller":"util/websocket.go:191","msg":"[ws] :","url :":"wss://stream.binance.com:9443/LTCBTC@depth5@100ms","dumpData :":"HTTP/1.1 400 Bad Request\r\nContent-Length: 20\r\nConnection: keep-alive\r\nContent-Type: text/plain\r\nDate: Wed, 03 Jun 2020 09:11:24 GMT\r\n\r\nInvalid request path"}
{"level":"panic","time":"20200603_171124","caller":"util/websocket.go:72","msg":"connect failed","url :":"wss://stream.binance.com:9443/LTCBTC@depth5@100ms","error":"websocket: bad handshake","trace":"tinyquant/src/util.(*WsConn).NewWebsocket\n\tC:/Users/yaojun/Desktop/tinyquant/src/util/websocket.go:72\ntinyquant/src/quant/binance.(*BinanceWs).SubscribeDepth\n\tC:/Users/yaojun/Desktop/tinyquant/src/quant/binance/binanceWs.go:138\nmain.main\n\tC:/Users/yaojun/Desktop/tinyquant/src/cmd/orderServer.go:22\nruntime.main\n\tC:/Go/src/runtime/proc.go:200"}
{"level":"info","time":"20200603_171227","caller":"logger/logger.go:43","msg":"logger init success"}
{"level":"info","time":"20200603_171227","caller":"cmd/orderServer.go:13","msg":"start server"}
{"level":"error","time":"20200603_171228","caller":"util/websocket.go:187","msg":"[ws] dialer failed","url :":"wss://stream.binance.com:9443/LTCBTC@depth5@100ms","error":"websocket: bad handshake","trace":"tinyquant/src/util.(*WsConn).connect\n\tC:/Users/yaojun/Desktop/tinyquant/src/util/websocket.go:187\ntinyquant/src/util.(*WsConn).NewWebsocket\n\tC:/Users/yaojun/Desktop/tinyquant/src/util/websocket.go:71\ntinyquant/src/quant/binance.(*BinanceWs).SubscribeDepth\n\tC:/Users/yaojun/Desktop/tinyquant/src/quant/binance/binanceWs.go:138\nmain.main\n\tC:/Users/yaojun/Desktop/tinyquant/src/cmd/orderServer.go:22\nruntime.main\n\tC:/Go/src/runtime/proc.go:200"}
{"level":"debug","time":"20200603_171228","caller":"util/websocket.go:190","msg":"[ws] :","url :":"wss://stream.binance.com:9443/LTCBTC@depth5@100ms","dumpData :":"HTTP/1.1 400 Bad Request\r\nContent-Length: 20\r\nConnection: keep-alive\r\nContent-Type: text/plain\r\nDate: Wed, 03 Jun 2020 09:12:28 GMT\r\n\r\nInvalid request path"}
{"level":"panic","time":"20200603_171228","caller":"util/websocket.go:72","msg":"connect failed","url :":"wss://stream.binance.com:9443/LTCBTC@depth5@100ms","error":"websocket: bad handshake","trace":"tinyquant/src/util.(*WsConn).NewWebsocket\n\tC:/Users/yaojun/Desktop/tinyquant/src/util/websocket.go:72\ntinyquant/src/quant/binance.(*BinanceWs).SubscribeDepth\n\tC:/Users/yaojun/Desktop/tinyquant/src/quant/binance/binanceWs.go:138\nmain.main\n\tC:/Users/yaojun/Desktop/tinyquant/src/cmd/orderServer.go:22\nruntime.main\n\tC:/Go/src/runtime/proc.go:200"}
{"level":"info","time":"20200603_171507","caller":"logger/logger.go:43","msg":"logger init success"}
{"level":"info","time":"20200603_171507","caller":"cmd/orderServer.go:13","msg":"start server"}
{"level":"error","time":"20200603_171507","caller":"util/websocket.go:187","msg":"[ws] dialer failed","url :":"wss://stream.binance.com:9443/LTCBTC@depth5@100ms","error":"proxy: unknown scheme: https","trace":"tinyquant/src/util.(*WsConn).connect\n\tC:/Users/yaojun/Desktop/tinyquant/src/util/websocket.go:187\ntinyquant/src/util.(*WsConn).NewWebsocket\n\tC:/Users/yaojun/Desktop/tinyquant/src/util/websocket.go:71\ntinyquant/src/quant/binance.(*BinanceWs).SubscribeDepth\n\tC:/Users/yaojun/Desktop/tinyquant/src/quant/binance/binanceWs.go:138\nmain.main\n\tC:/Users/yaojun/Desktop/tinyquant/src/cmd/orderServer.go:22\nruntime.main\n\tC:/Go/src/runtime/proc.go:200"}
{"level":"panic","time":"20200603_171507","caller":"util/websocket.go:72","msg":"connect failed","url :":"wss://stream.binance.com:9443/LTCBTC@depth5@100ms","error":"proxy: unknown scheme: https","trace":"tinyquant/src/util.(*WsConn).NewWebsocket\n\tC:/Users/yaojun/Desktop/tinyquant/src/util/websocket.go:72\ntinyquant/src/quant/binance.(*BinanceWs).SubscribeDepth\n\tC:/Users/yaojun/Desktop/tinyquant/src/quant/binance/binanceWs.go:138\nmain.main\n\tC:/Users/yaojun/Desktop/tinyquant/src/cmd/orderServer.go:22\nruntime.main\n\tC:/Go/src/runtime/proc.go:200"}
{"level":"info","time":"20200603_171629","caller":"logger/logger.go:43","msg":"logger init success"}
{"level":"info","time":"20200603_171629","caller":"cmd/orderServer.go:13","msg":"start server"}
{"level":"error","time":"20200603_171630","caller":"util/websocket.go:187","msg":"[ws] dialer failed","url :":"wss://stream.binance.com:9443/LTCBTC@depth5@100ms","error":"websocket: bad handshake","trace":"tinyquant/src/util.(*WsConn).connect\n\tC:/Users/yaojun/Desktop/tinyquant/src/util/websocket.go:187\ntinyquant/src/util.(*WsConn).NewWebsocket\n\tC:/Users/yaojun/Desktop/tinyquant/src/util/websocket.go:71\ntinyquant/src/quant/binance.(*BinanceWs).SubscribeDepth\n\tC:/Users/yaojun/Desktop/tinyquant/src/quant/binance/binanceWs.go:138\nmain.main\n\tC:/Users/yaojun/Desktop/tinyquant/src/cmd/orderServer.go:22\nruntime.main\n\tC:/Go/src/runtime/proc.go:200"}
{"level":"debug","time":"20200603_171630","caller":"util/websocket.go:190","msg":"[ws] :","url :":"wss://stream.binance.com:9443/LTCBTC@depth5@100ms","dumpData :":"HTTP/1.1 400 Bad Request\r\nContent-Length: 20\r\nConnection: keep-alive\r\nContent-Type: text/plain\r\nDate: Wed, 03 Jun 2020 09:16:30 GMT\r\n\r\nInvalid request path"}
{"level":"panic","time":"20200603_171630","caller":"util/websocket.go:72","msg":"connect failed","url :":"wss://stream.binance.com:9443/LTCBTC@depth5@100ms","error":"websocket: bad handshake","trace":"tinyquant/src/util.(*WsConn).NewWebsocket\n\tC:/Users/yaojun/Desktop/tinyquant/src/util/websocket.go:72\ntinyquant/src/quant/binance.(*BinanceWs).SubscribeDepth\n\tC:/Users/yaojun/Desktop/tinyquant/src/quant/binance/binanceWs.go:138\nmain.main\n\tC:/Users/yaojun/Desktop/tinyquant/src/cmd/orderServer.go:22\nruntime.main\n\tC:/Go/src/runtime/proc.go:200"}
{"level":"info","time":"20200604_035312","caller":"logger/logger.go:43","msg":"logger init success"}
{"level":"info","time":"20200604_035312","caller":"cmd/orderServer.go:13","msg":"start server"}
{"level":"error","time":"20200604_035312","caller":"util/websocket.go:187","msg":"[ws] dialer failed","url :":"wss://stream.binance.com:9443/LTCBTC@depth5@100ms","error":"websocket: bad handshake","trace":"tinyquant/src/util.(*WsConn).connect\n\tC:/Users/yaojun/Desktop/tinyquant/src/util/websocket.go:187\ntinyquant/src/util.(*WsConn).NewWebsocket\n\tC:/Users/yaojun/Desktop/tinyquant/src/util/websocket.go:71\ntinyquant/src/quant/binance.(*BinanceWs).SubscribeDepth\n\tC:/Users/yaojun/Desktop/tinyquant/src/quant/binance/binanceWs.go:138\nmain.main\n\tC:/Users/yaojun/Desktop/tinyquant/src/cmd/orderServer.go:22\nruntime.main\n\tC:/Go/src/runtime/proc.go:200"}
{"level":"debug","time":"20200604_035312","caller":"util/websocket.go:190","msg":"[ws] :","url :":"wss://stream.binance.com:9443/LTCBTC@depth5@100ms","dumpData :":"HTTP/1.1 400 Bad Request\r\nContent-Length: 20\r\nConnection: keep-alive\r\nContent-Type: text/plain\r\nDate: Wed, 03 Jun 2020 19:53:13 GMT\r\n\r\nInvalid request path"}
{"level":"panic","time":"20200604_035312","caller":"util/websocket.go:72","msg":"connect failed","url :":"wss://stream.binance.com:9443/LTCBTC@depth5@100ms","error":"websocket: bad handshake","trace":"tinyquant/src/util.(*WsConn).NewWebsocket\n\tC:/Users/yaojun/Desktop/tinyquant/src/util/websocket.go:72\ntinyquant/src/quant/binance.(*BinanceWs).SubscribeDepth\n\tC:/Users/yaojun/Desktop/tinyquant/src/quant/binance/binanceWs.go:138\nmain.main\n\tC:/Users/yaojun/Desktop/tinyquant/src/cmd/orderServer.go:22\nruntime.main\n\tC:/Go/src/runtime/proc.go:200"}
{"level":"info","time":"20200604_035846","caller":"logger/logger.go:43","msg":"logger init success"}
{"level":"info","time":"20200604_035846","caller":"cmd/orderServer.go:13","msg":"start server"}
{"level":"error","time":"20200604_035847","caller":"util/websocket.go:187","msg":"[ws] dialer failed","url :":"wss://stream.binance.com:9443/LTCBTC@depth5@100ms","error":"websocket: bad handshake","trace":"tinyquant/src/util.(*WsConn).connect\n\tC:/Users/yaojun/Desktop/tinyquant/src/util/websocket.go:187\ntinyquant/src/util.(*WsConn).NewWebsocket\n\tC:/Users/yaojun/Desktop/tinyquant/src/util/websocket.go:71\ntinyquant/src/quant/binance.(*BinanceWs).SubscribeDepth\n\tC:/Users/yaojun/Desktop/tinyquant/src/quant/binance/binanceWs.go:138\nmain.main\n\tC:/Users/yaojun/Desktop/tinyquant/src/cmd/orderServer.go:22\nruntime.main\n\tC:/Go/src/runtime/proc.go:200"}
{"level":"debug","time":"20200604_035847","caller":"util/websocket.go:190","msg":"[ws] :","url :":"wss://stream.binance.com:9443/LTCBTC@depth5@100ms","dumpData :":"HTTP/1.1 400 Bad Request\r\nContent-Length: 20\r\nConnection: keep-alive\r\nContent-Type: text/plain\r\nDate: Wed, 03 Jun 2020 19:58:47 GMT\r\n\r\nInvalid request path"}
{"level":"panic","time":"20200604_035847","caller":"util/websocket.go:72","msg":"connect failed","url :":"wss://stream.binance.com:9443/LTCBTC@depth5@100ms","error":"websocket: bad handshake","trace":"tinyquant/src/util.(*WsConn).NewWebsocket\n\tC:/Users/yaojun/Desktop/tinyquant/src/util/websocket.go:72\ntinyquant/src/quant/binance.(*BinanceWs).SubscribeDepth\n\tC:/Users/yaojun/Desktop/tinyquant/src/quant/binance/binanceWs.go:138\nmain.main\n\tC:/Users/yaojun/Desktop/tinyquant/src/cmd/orderServer.go:22\nruntime.main\n\tC:/Go/src/runtime/proc.go:200"}
{"level":"info","time":"20200604_040040","caller":"logger/logger.go:43","msg":"logger init success"}
{"level":"info","time":"20200604_040040","caller":"cmd/orderServer.go:13","msg":"start server"}
{"level":"error","time":"20200604_040041","caller":"util/websocket.go:187","msg":"[ws] dialer failed","url :":"wss://stream.binance.com:9443/LTCBTC@depth5@100ms","error":"websocket: bad handshake","trace":"tinyquant/src/util.(*WsConn).connect\n\tC:/Users/yaojun/Desktop/tinyquant/src/util/websocket.go:187\ntinyquant/src/util.(*WsConn).NewWebsocket\n\tC:/Users/yaojun/Desktop/tinyquant/src/util/websocket.go:71\ntinyquant/src/quant/binance.(*BinanceWs).SubscribeDepth\n\tC:/Users/yaojun/Desktop/tinyquant/src/quant/binance/binanceWs.go:138\nmain.main\n\tC:/Users/yaojun/Desktop/tinyquant/src/cmd/orderServer.go:22\nruntime.main\n\tC:/Go/src/runtime/proc.go:200"}
{"level":"debug","time":"20200604_040041","caller":"util/websocket.go:190","msg":"[ws] :","url :":"wss://stream.binance.com:9443/LTCBTC@depth5@100ms","dumpData :":"HTTP/1.1 400 Bad Request\r\nContent-Length: 20\r\nConnection: keep-alive\r\nContent-Type: text/plain\r\nDate: Wed, 03 Jun 2020 20:00:41 GMT\r\n\r\nInvalid request path"}
{"level":"panic","time":"20200604_040041","caller":"util/websocket.go:72","msg":"connect failed","url :":"wss://stream.binance.com:9443/LTCBTC@depth5@100ms","error":"websocket: bad handshake","trace":"tinyquant/src/util.(*WsConn).NewWebsocket\n\tC:/Users/yaojun/Desktop/tinyquant/src/util/websocket.go:72\ntinyquant/src/quant/binance.(*BinanceWs).SubscribeDepth\n\tC:/Users/yaojun/Desktop/tinyquant/src/quant/binance/binanceWs.go:138\nmain.main\n\tC:/Users/yaojun/Desktop/tinyquant/src/cmd/orderServer.go:22\nruntime.main\n\tC:/Go/src/runtime/proc.go:200"}
{"level":"info","time":"20200604_052638","caller":"logger/logger.go:43","msg":"logger init success"}
{"level":"info","time":"20200604_052638","caller":"cmd/orderServer.go:13","msg":"start server"}
